{"meta": {"format": 3, "version": "7.10.7", "timestamp": "2026-03-03T13:09:24.614156", "branch_coverage": false, "show_contexts": false}, "files": {"karlsson.py": {"executed_lines": [2, 4, 5, 6, 7, 8, 9, 11, 18, 19, 20, 23, 24, 25, 28, 31, 32, 35, 36, 39, 40, 41, 43, 44, 45, 47, 48, 49, 50, 53, 54, 55, 56, 57, 59, 66, 67, 69, 70, 71, 72, 73, 74, 75, 76, 77, 78, 79, 80, 81, 82, 84, 85, 86, 87, 88, 89, 90, 91, 93, 94, 96, 99, 101, 103, 104, 105, 106, 107, 108, 109, 111, 114, 115, 116, 119, 120, 121, 124, 125, 126, 129, 130, 131, 132, 135, 136, 137, 138, 141, 142, 143, 149, 150, 151, 157, 158, 159, 162, 163, 164, 167, 168, 169, 170, 171, 172, 173, 176, 177, 178, 179, 180, 181, 182, 185, 186, 187, 188, 189, 190, 191, 194, 195, 196, 197, 198, 199, 200, 202, 203, 205, 206, 209, 211, 213, 214, 216, 217, 218, 219, 221, 224, 225, 226, 227, 228, 229, 230, 231, 234, 235, 239, 240, 242, 244, 246, 248, 250, 254], "summary": {"covered_lines": 159, "num_statements": 160, "percent_covered": 99.375, "percent_covered_display": "99", "missing_lines": 1, "excluded_lines": 0}, "missing_lines": [255], "excluded_lines": [], "functions": {"ts": {"executed_lines": [36], "summary": {"covered_lines": 1, "num_statements": 1, "percent_covered": 100.0, "percent_covered_display": "100", "missing_lines": 0, "excluded_lines": 0}, "missing_lines": [], "excluded_lines": []}, "setup_logging": {"executed_lines": [40, 41, 43, 44, 45, 47, 48, 49, 50], "summary": {"covered_lines": 9, "num_statements": 9, "percent_covered": 100.0, "percent_covered_display": "100", "missing_lines": 0, "excluded_lines": 0}, "missing_lines": [], "excluded_lines": []}, "run_copilot": {"executed_lines": [54, 55, 56, 57, 59, 66, 67, 69, 70, 71, 72, 73, 74, 75, 76, 77, 78, 79, 80, 81, 82, 84, 85, 86, 87, 88, 89, 90, 91, 93, 94, 96], "summary": {"covered_lines": 32, "num_statements": 32, "percent_covered": 100.0, "percent_covered_display": "100", "missing_lines": 0, "excluded_lines": 0}, "missing_lines": [], "excluded_lines": []}, "expand_agents": {"executed_lines": [101, 103, 111], "summary": {"covered_lines": 3, "num_statements": 3, "percent_covered": 100.0, "percent_covered_display": "100", "missing_lines": 0, "excluded_lines": 0}, "missing_lines": [], "excluded_lines": []}, "expand_agents.replace": {"executed_lines": [104, 105, 106, 107, 108, 109], "summary": {"covered_lines": 6, "num_statements": 6, "percent_covered": 100.0, "percent_covered_display": "100", "missing_lines": 0, "excluded_lines": 0}, "missing_lines": [], "excluded_lines": []}, "build_setup_prompt": {"executed_lines": [115, 116], "summary": {"covered_lines": 2, "num_statements": 2, "percent_covered": 100.0, "percent_covered_display": "100", "missing_lines": 0, "excluded_lines": 0}, "missing_lines": [], "excluded_lines": []}, "build_finalize_prompt": {"executed_lines": [120, 121], "summary": {"covered_lines": 2, "num_statements": 2, "percent_covered": 100.0, "percent_covered_display": "100", "missing_lines": 0, "excluded_lines": 0}, "missing_lines": [], "excluded_lines": []}, "build_implementation_prompt": {"executed_lines": [125, 126], "summary": {"covered_lines": 2, "num_statements": 2, "percent_covered": 100.0, "percent_covered_display": "100", "missing_lines": 0, "excluded_lines": 0}, "missing_lines": [], "excluded_lines": []}, "build_review_first_prompt": {"executed_lines": [130, 131, 132], "summary": {"covered_lines": 3, "num_statements": 3, "percent_covered": 100.0, "percent_covered_display": "100", "missing_lines": 0, "excluded_lines": 0}, "missing_lines": [], "excluded_lines": []}, "build_review_second_prompt": {"executed_lines": [136, 137, 138], "summary": {"covered_lines": 3, "num_statements": 3, "percent_covered": 100.0, "percent_covered_display": "100", "missing_lines": 0, "excluded_lines": 0}, "missing_lines": [], "excluded_lines": []}, "build_crossreview_analyze_prompt": {"executed_lines": [142, 143], "summary": {"covered_lines": 2, "num_statements": 2, "percent_covered": 100.0, "percent_covered_display": "100", "missing_lines": 0, "excluded_lines": 0}, "missing_lines": [], "excluded_lines": []}, "build_crossreview_fix_prompt": {"executed_lines": [150, 151], "summary": {"covered_lines": 2, "num_statements": 2, "percent_covered": 100.0, "percent_covered_display": "100", "missing_lines": 0, "excluded_lines": 0}, "missing_lines": [], "excluded_lines": []}, "setup": {"executed_lines": [158, 159], "summary": {"covered_lines": 2, "num_statements": 2, "percent_covered": 100.0, "percent_covered_display": "100", "missing_lines": 0, "excluded_lines": 0}, "missing_lines": [], "excluded_lines": []}, "finalize": {"executed_lines": [163, 164], "summary": {"covered_lines": 2, "num_statements": 2, "percent_covered": 100.0, "percent_covered_display": "100", "missing_lines": 0, "excluded_lines": 0}, "missing_lines": [], "excluded_lines": []}, "implement": {"executed_lines": [168, 169, 170, 171, 172, 173], "summary": {"covered_lines": 6, "num_statements": 6, "percent_covered": 100.0, "percent_covered_display": "100", "missing_lines": 0, "excluded_lines": 0}, "missing_lines": [], "excluded_lines": []}, "review_first": {"executed_lines": [177, 178, 179, 180, 181, 182], "summary": {"covered_lines": 6, "num_statements": 6, "percent_covered": 100.0, "percent_covered_display": "100", "missing_lines": 0, "excluded_lines": 0}, "missing_lines": [], "excluded_lines": []}, "review_second": {"executed_lines": [186, 187, 188, 189, 190, 191], "summary": {"covered_lines": 6, "num_statements": 6, "percent_covered": 100.0, "percent_covered_display": "100", "missing_lines": 0, "excluded_lines": 0}, "missing_lines": [], "excluded_lines": []}, "crossreview": {"executed_lines": [195, 196, 197, 198, 199, 200, 202, 203, 205, 206], "summary": {"covered_lines": 10, "num_statements": 10, "percent_covered": 100.0, "percent_covered_display": "100", "missing_lines": 0, "excluded_lines": 0}, "missing_lines": [], "excluded_lines": []}, "execute_plan": {"executed_lines": [211, 213, 214, 216, 217, 218, 219, 221], "summary": {"covered_lines": 8, "num_statements": 8, "percent_covered": 100.0, "percent_covered_display": "100", "missing_lines": 0, "excluded_lines": 0}, "missing_lines": [], "excluded_lines": []}, "positive_int": {"executed_lines": [225, 226, 227, 228, 229, 230, 231], "summary": {"covered_lines": 7, "num_statements": 7, "percent_covered": 100.0, "percent_covered_display": "100", "missing_lines": 0, "excluded_lines": 0}, "missing_lines": [], "excluded_lines": []}, "main": {"executed_lines": [235, 239, 240, 242, 244, 246, 248, 250], "summary": {"covered_lines": 8, "num_statements": 8, "percent_covered": 100.0, "percent_covered_display": "100", "missing_lines": 0, "excluded_lines": 0}, "missing_lines": [], "excluded_lines": []}, "": {"executed_lines": [2, 4, 5, 6, 7, 8, 9, 11, 18, 19, 20, 23, 24, 25, 28, 31, 32, 35, 39, 53, 99, 114, 119, 124, 129, 135, 141, 149, 157, 162, 167, 176, 185, 194, 209, 224, 234, 254], "summary": {"covered_lines": 37, "num_statements": 38, "percent_covered": 97.36842105263158, "percent_covered_display": "97", "missing_lines": 1, "excluded_lines": 0}, "missing_lines": [255], "excluded_lines": []}}, "classes": {"": {"executed_lines": [2, 4, 5, 6, 7, 8, 9, 11, 18, 19, 20, 23, 24, 25, 28, 31, 32, 35, 36, 39, 40, 41, 43, 44, 45, 47, 48, 49, 50, 53, 54, 55, 56, 57, 59, 66, 67, 69, 70, 71, 72, 73, 74, 75, 76, 77, 78, 79, 80, 81, 82, 84, 85, 86, 87, 88, 89, 90, 91, 93, 94, 96, 99, 101, 103, 104, 105, 106, 107, 108, 109, 111, 114, 115, 116, 119, 120, 121, 124, 125, 126, 129, 130, 131, 132, 135, 136, 137, 138, 141, 142, 143, 149, 150, 151, 157, 158, 159, 162, 163, 164, 167, 168, 169, 170, 171, 172, 173, 176, 177, 178, 179, 180, 181, 182, 185, 186, 187, 188, 189, 190, 191, 194, 195, 196, 197, 198, 199, 200, 202, 203, 205, 206, 209, 211, 213, 214, 216, 217, 218, 219, 221, 224, 225, 226, 227, 228, 229, 230, 231, 234, 235, 239, 240, 242, 244, 246, 248, 250, 254], "summary": {"covered_lines": 159, "num_statements": 160, "percent_covered": 99.375, "percent_covered_display": "99", "missing_lines": 1, "excluded_lines": 0}, "missing_lines": [255], "excluded_lines": []}}}}, "totals": {"covered_lines": 159, "num_statements": 160, "percent_covered": 99.375, "percent_covered_display": "99", "missing_lines": 1, "excluded_lines": 0}}